#
# There is insufficient memory for the Java Runtime Environment to continue.
# Native memory allocation (mmap) failed to map 266338304 bytes for Failed to commit area from 0x0000000702c00000 to 0x0000000712a00000 of length 266338304.
# Possible reasons:
#   The system is out of physical RAM or swap space
#   The process is running with CompressedOops enabled, and the Java Heap may be blocking the growth of the native heap
# Possible solutions:
#   Reduce memory load on the system
#   Increase physical memory or swap space
#   Check if swap backing store is full
#   Decrease Java heap size (-Xmx/-Xms)
#   Decrease number of Java threads
#   Decrease Java thread stack sizes (-Xss)
#   Set larger code cache with -XX:ReservedCodeCacheSize=
# This output file may be truncated or incomplete.
#
#  Out of Memory Error (./src/hotspot/os/windows/os_windows.cpp:3387), pid=2124, tid=4568
#
# JRE version:  (11.0.14.1+1) (build )
# Java VM: OpenJDK 64-Bit Server VM (11.0.14.1+1, mixed mode, sharing, tiered, compressed oops, g1 gc, windows-amd64)
# No core dump will be written. Minidumps are not enabled by default on client versions of Windows
#

---------------  S U M M A R Y ------------

Command Line: 

Host: 12th Gen Intel(R) Core(TM) i5-12400F, 12 cores, 15G,  Windows 11 , 64 bit Build 22621 (10.0.22621.4391)
Time: Sat Nov 16 00:57:03 2024 SE Asia Standard Time elapsed time: 0.006430 seconds (0d 0h 0m 0s)

---------------  T H R E A D  ---------------

Current thread (0x000002082ea0e000):  JavaThread "Unknown thread" [_thread_in_vm, id=4568, stack(0x0000006e10500000,0x0000006e10600000)]

Stack: [0x0000006e10500000,0x0000006e10600000]
Native frames: (J=compiled Java code, j=interpreted, Vv=VM code, C=native code)
V  [jvm.dll+0x61e59a]
V  [jvm.dll+0x7aaca9]
V  [jvm.dll+0x7ac398]
V  [jvm.dll+0x7aca73]
V  [jvm.dll+0x24f9b8]
V  [jvm.dll+0x61b83a]
V  [jvm.dll+0x6100c5]
V  [jvm.dll+0x30772c]
V  [jvm.dll+0x3075b2]
V  [jvm.dll+0x30c2d6]
V  [jvm.dll+0x35272f]
V  [jvm.dll+0x352160]
V  [jvm.dll+0x2e4728]
V  [jvm.dll+0x2e5886]
V  [jvm.dll+0x784b07]
V  [jvm.dll+0x78628f]
V  [jvm.dll+0x35f479]
V  [jvm.dll+0x767aa0]
V  [jvm.dll+0x3ccf1f]
V  [jvm.dll+0x3cf2b1]
C  [jli.dll+0x5207]
C  [ucrtbase.dll+0x29333]
C  [KERNEL32.DLL+0x1259d]
C  [ntdll.dll+0x5af38]


---------------  P R O C E S S  ---------------

Threads class SMR info:
_java_thread_list=0x000002082c7162c0, length=0, elements={
}

Java Threads: ( => current thread )

Other Threads:
  0x000002082ea25800 GCTaskThread "GC Thread#0" [stack: 0x0000006e10600000,0x0000006e10700000] [id=18576]
  0x000002082ea84000 ConcurrentGCThread "G1 Main Marker" [stack: 0x0000006e10700000,0x0000006e10800000] [id=16600]
  0x000002082ea85800 ConcurrentGCThread "G1 Conc#0" [stack: 0x0000006e10800000,0x0000006e10900000] [id=22540]

[error occurred during error reporting (printing all threads), id 0xc0000005, EXCEPTION_ACCESS_VIOLATION (0xc0000005) at pc=0x00007ffc5d283ef7]

VM state:not at safepoint (not fully initialized)

VM Mutex/Monitor currently owned by a thread:  ([mutex/lock_event])
[0x000002082ea0c410] Heap_lock - owner thread: 0x000002082ea0e000

Heap address: 0x0000000702c00000, size: 4052 MB, Compressed Oops mode: Non-zero based: 0x0000000702c00000
Narrow klass base: 0x0000000000000000, Narrow klass shift: 0

GC Heap History (0 events):
No events

Deoptimization events (0 events):
No events

Classes redefined (0 events):
No events

Internal exceptions (0 events):
No events

Events (1 events):
Event: 0.004 Loaded shared library G:\Application\Unity\Version\2022.3.20f1\Editor\Data\PlaybackEngines\AndroidPlayer\OpenJDK\bin\zip.dll


Dynamic libraries:
0x00007ff66b5c0000 - 0x00007ff66b5cd000 	G:\Application\Unity\Version\2022.3.20f1\Editor\Data\PlaybackEngines\AndroidPlayer\OpenJDK\bin\java.exe
0x00007ffd1f5f0000 - 0x00007ffd1f807000 	C:\WINDOWS\SYSTEM32\ntdll.dll
0x00007ffd1e010000 - 0x00007ffd1e0d4000 	C:\WINDOWS\System32\KERNEL32.DLL
0x00007ffd1cb20000 - 0x00007ffd1ced9000 	C:\WINDOWS\System32\KERNELBASE.dll
0x00007ffd1cf60000 - 0x00007ffd1d071000 	C:\WINDOWS\System32\ucrtbase.dll
0x00007ffd197b0000 - 0x00007ffd197c7000 	G:\Application\Unity\Version\2022.3.20f1\Editor\Data\PlaybackEngines\AndroidPlayer\OpenJDK\bin\jli.dll
0x00007ffcf91d0000 - 0x00007ffcf91e5000 	G:\Application\Unity\Version\2022.3.20f1\Editor\Data\PlaybackEngines\AndroidPlayer\OpenJDK\bin\VCRUNTIME140.dll
0x00007ffd1dc80000 - 0x00007ffd1de2e000 	C:\WINDOWS\System32\USER32.dll
0x00007ffd0b5d0000 - 0x00007ffd0b862000 	C:\WINDOWS\WinSxS\amd64_microsoft.windows.common-controls_6595b64144ccf1df_6.0.22621.4391_none_2715d37f73803e96\COMCTL32.dll
0x00007ffd1c8f0000 - 0x00007ffd1c916000 	C:\WINDOWS\System32\win32u.dll
0x00007ffd1d310000 - 0x00007ffd1d3b7000 	C:\WINDOWS\System32\msvcrt.dll
0x00007ffd1e540000 - 0x00007ffd1e569000 	C:\WINDOWS\System32\GDI32.dll
0x00007ffd1d080000 - 0x00007ffd1d19b000 	C:\WINDOWS\System32\gdi32full.dll
0x00007ffd1ca80000 - 0x00007ffd1cb1a000 	C:\WINDOWS\System32\msvcp_win.dll
0x00007ffd1e0e0000 - 0x00007ffd1e111000 	C:\WINDOWS\System32\IMM32.DLL
0x00007ffcf9130000 - 0x00007ffcf91cb000 	G:\Application\Unity\Version\2022.3.20f1\Editor\Data\PlaybackEngines\AndroidPlayer\OpenJDK\bin\msvcp140.dll
0x00007ffc5cf90000 - 0x00007ffc5db11000 	G:\Application\Unity\Version\2022.3.20f1\Editor\Data\PlaybackEngines\AndroidPlayer\OpenJDK\bin\server\jvm.dll
0x00007ffd1db10000 - 0x00007ffd1dbc2000 	C:\WINDOWS\System32\ADVAPI32.dll
0x00007ffd1da60000 - 0x00007ffd1db07000 	C:\WINDOWS\System32\sechost.dll
0x00007ffd1c920000 - 0x00007ffd1c948000 	C:\WINDOWS\System32\bcrypt.dll
0x00007ffd1f290000 - 0x00007ffd1f3a4000 	C:\WINDOWS\System32\RPCRT4.dll
0x00007ffd1f3b0000 - 0x00007ffd1f3b8000 	C:\WINDOWS\System32\PSAPI.DLL
0x00007ffd170e0000 - 0x00007ffd170e9000 	C:\WINDOWS\SYSTEM32\WSOCK32.dll
0x00007ffd11e10000 - 0x00007ffd11e44000 	C:\WINDOWS\SYSTEM32\WINMM.dll
0x00007ffd16920000 - 0x00007ffd1692a000 	C:\WINDOWS\SYSTEM32\VERSION.dll
0x00007ffd1d4f0000 - 0x00007ffd1d561000 	C:\WINDOWS\System32\WS2_32.dll
0x00007ffd1b850000 - 0x00007ffd1b868000 	C:\WINDOWS\SYSTEM32\kernel.appcore.dll
0x00007ffcf8500000 - 0x00007ffcf8510000 	G:\Application\Unity\Version\2022.3.20f1\Editor\Data\PlaybackEngines\AndroidPlayer\OpenJDK\bin\verify.dll
0x00007ffd15d80000 - 0x00007ffd15fb2000 	C:\WINDOWS\SYSTEM32\DBGHELP.DLL
0x00007ffd1d670000 - 0x00007ffd1d9ff000 	C:\WINDOWS\System32\combase.dll
0x00007ffd1d3c0000 - 0x00007ffd1d497000 	C:\WINDOWS\System32\OLEAUT32.dll
0x00007ffd153c0000 - 0x00007ffd153f2000 	C:\WINDOWS\SYSTEM32\dbgcore.DLL
0x00007ffd1cee0000 - 0x00007ffd1cf5b000 	C:\WINDOWS\System32\bcryptPrimitives.dll
0x00007ffcf6140000 - 0x00007ffcf6168000 	G:\Application\Unity\Version\2022.3.20f1\Editor\Data\PlaybackEngines\AndroidPlayer\OpenJDK\bin\java.dll
0x00007ffcf84f0000 - 0x00007ffcf84fa000 	G:\Application\Unity\Version\2022.3.20f1\Editor\Data\PlaybackEngines\AndroidPlayer\OpenJDK\bin\jimage.dll
0x00007ffcf6120000 - 0x00007ffcf6138000 	G:\Application\Unity\Version\2022.3.20f1\Editor\Data\PlaybackEngines\AndroidPlayer\OpenJDK\bin\zip.dll

dbghelp: loaded successfully - version: 4.0.5 - missing functions: none
symbol engine: initialized successfully - sym options: 0x614 - pdb path: .;G:\Application\Unity\Version\2022.3.20f1\Editor\Data\PlaybackEngines\AndroidPlayer\OpenJDK\bin;C:\WINDOWS\SYSTEM32;C:\WINDOWS\WinSxS\amd64_microsoft.windows.common-controls_6595b64144ccf1df_6.0.22621.4391_none_2715d37f73803e96;G:\Application\Unity\Version\2022.3.20f1\Editor\Data\PlaybackEngines\AndroidPlayer\OpenJDK\bin\server

VM Arguments:
java_command: <unknown>
java_class_path (initial): <not set>
Launcher Type: SUN_STANDARD

[Global flags]
     intx CICompilerCount                          = 4                                         {product} {ergonomic}
     uint ConcGCThreads                            = 3                                         {product} {ergonomic}
     uint G1ConcRefinementThreads                  = 10                                        {product} {ergonomic}
   size_t G1HeapRegionSize                         = 1048576                                   {product} {ergonomic}
    uintx GCDrainStackTargetSize                   = 64                                        {product} {ergonomic}
   size_t InitialHeapSize                          = 266338304                                 {product} {ergonomic}
   size_t MarkStackSize                            = 4194304                                   {product} {ergonomic}
   size_t MaxHeapSize                              = 4248829952                                {product} {ergonomic}
   size_t MinHeapDeltaBytes                        = 1048576                                   {product} {ergonomic}
    uintx NonNMethodCodeHeapSize                   = 5836300                                {pd product} {ergonomic}
    uintx NonProfiledCodeHeapSize                  = 122910970                              {pd product} {ergonomic}
    uintx ProfiledCodeHeapSize                     = 122910970                              {pd product} {ergonomic}
    uintx ReservedCodeCacheSize                    = 251658240                              {pd product} {ergonomic}
     bool SegmentedCodeCache                       = true                                      {product} {ergonomic}
     bool UseCompressedClassPointers               = true                                 {lp64_product} {ergonomic}
     bool UseCompressedOops                        = true                                 {lp64_product} {ergonomic}
     bool UseG1GC                                  = true                                      {product} {ergonomic}
     bool UseLargePagesIndividualAllocation        = false                                  {pd product} {ergonomic}

Logging:
Log output configuration:
 #0: stdout all=warning uptime,level,tags
 #1: stderr all=off uptime,level,tags

Environment Variables:
JAVA_HOME=G:\Application\Unity\Version\2022.3.20f1\Editor\Data\PlaybackEngines\AndroidPlayer\OpenJDK
PATH=G:\Application\VMWare\bin\;C:\WINDOWS\system32;C:\WINDOWS;C:\WINDOWS\System32\Wbem;C:\WINDOWS\System32\WindowsPowerShell\v1.0\;C:\WINDOWS\System32\OpenSSH\;G:\Environment\Git\cmd;C:\Program Files\dotnet\;C:\Users\Vawn_Wuyest\AppData\Local\Microsoft\WindowsApps;C:\Users\Vawn_Wuyest\.dotnet\tools;C:\Users\Vawn_Wuyest\AppData\Local\Programs\Microsoft VS Code\bin
USERNAME=Vawn_Wuyest
OS=Windows_NT
PROCESSOR_IDENTIFIER=Intel64 Family 6 Model 151 Stepping 5, GenuineIntel



---------------  S Y S T E M  ---------------

OS: Windows 11 , 64 bit Build 22621 (10.0.22621.4391)
OS uptime: 1 days 7:24 hours
Hyper-V role detected

CPU:total 12 (initial active 12) (6 cores per cpu, 2 threads per core) family 6 model 151 stepping 5 microcode 0x1e, cmov, cx8, fxsr, mmx, sse, sse2, sse3, ssse3, sse4.1, sse4.2, popcnt, avx, avx2, aes, clmul, erms, 3dnowpref, lzcnt, ht, tsc, tscinvbit, bmi1, bmi2, adx, sha, fma

Memory: 4k page, system-wide physical 16203M (1444M free)
TotalPageFile size 31208M (AvailPageFile size 127M)
current process WorkingSet (physical memory assigned to process): 11M, peak: 11M
current process commit charge ("private bytes"): 65M, peak: 318M

vm_info: OpenJDK 64-Bit Server VM (11.0.14.1+1) for windows-amd64 JRE (11.0.14.1+1), built on Feb  9 2022 01:48:27 by "" with unknown MS VC++:1916

END.
